2021-04-05 17:22:45,299 [1] INFO OperatorsDbRepository - Creating OperatorsDbRepository
2021-04-05 17:22:45,312 [1] INFO RidesDbRepository - Creating RidesDbRepository
2021-04-05 17:22:45,312 [1] INFO ReservationsDbRepository - Creating ReservationsDbRepository
2021-04-05 17:22:45,319 [1] INFO Service - Creating the service
2021-04-05 17:24:35,686 [1] INFO OperatorsDbRepository - Creating OperatorsDbRepository
2021-04-05 17:24:35,699 [1] INFO RidesDbRepository - Creating RidesDbRepository
2021-04-05 17:24:35,699 [1] INFO ReservationsDbRepository - Creating ReservationsDbRepository
2021-04-05 17:24:35,705 [1] INFO Service - Creating the service
2021-04-05 17:26:22,082 [1] INFO OperatorsDbRepository - Creating OperatorsDbRepository
2021-04-05 17:26:22,095 [1] INFO RidesDbRepository - Creating RidesDbRepository
2021-04-05 17:26:22,096 [1] INFO ReservationsDbRepository - Creating ReservationsDbRepository
2021-04-05 17:26:22,100 [1] INFO Service - Creating the service
2021-04-05 17:28:31,291 [1] INFO OperatorsDbRepository - Creating OperatorsDbRepository
2021-04-05 17:28:31,303 [1] INFO RidesDbRepository - Creating RidesDbRepository
2021-04-05 17:28:31,303 [1] INFO ReservationsDbRepository - Creating ReservationsDbRepository
2021-04-05 17:28:31,313 [1] INFO Service - Creating the service
2021-04-05 17:29:47,106 [1] INFO OperatorsDbRepository - Creating OperatorsDbRepository
2021-04-05 17:29:47,117 [1] INFO RidesDbRepository - Creating RidesDbRepository
2021-04-05 17:29:47,118 [1] INFO ReservationsDbRepository - Creating ReservationsDbRepository
2021-04-05 17:29:47,123 [1] INFO Service - Creating the service
2021-04-05 17:38:44,676 [1] INFO OperatorsDbRepository - Creating OperatorsDbRepository
2021-04-05 17:38:44,690 [1] INFO RidesDbRepository - Creating RidesDbRepository
2021-04-05 17:38:44,690 [1] INFO ReservationsDbRepository - Creating ReservationsDbRepository
2021-04-05 17:38:44,699 [1] INFO Service - Creating the service
2021-04-05 17:39:56,020 [1] INFO OperatorsDbRepository - Creating OperatorsDbRepository
2021-04-05 17:39:56,031 [1] INFO RidesDbRepository - Creating RidesDbRepository
2021-04-05 17:39:56,032 [1] INFO ReservationsDbRepository - Creating ReservationsDbRepository
2021-04-05 17:39:56,045 [1] INFO Service - Creating the service
2021-04-05 17:45:37,756 [1] INFO OperatorsDbRepository - Creating OperatorsDbRepository
2021-04-05 17:45:37,771 [1] INFO RidesDbRepository - Creating RidesDbRepository
2021-04-05 17:45:37,771 [1] INFO ReservationsDbRepository - Creating ReservationsDbRepository
2021-04-05 17:45:37,779 [1] INFO Service - Creating the service
2021-04-05 17:48:25,403 [1] INFO OperatorsDbRepository - Creating OperatorsDbRepository
2021-04-05 17:48:25,418 [1] INFO RidesDbRepository - Creating RidesDbRepository
2021-04-05 17:48:25,418 [1] INFO ReservationsDbRepository - Creating ReservationsDbRepository
2021-04-05 17:48:25,424 [1] INFO Service - Creating the service
2021-04-05 17:56:38,339 [1] INFO OperatorsDbRepository - Creating OperatorsDbRepository
2021-04-05 17:56:38,356 [1] INFO RidesDbRepository - Creating RidesDbRepository
2021-04-05 17:56:38,357 [1] INFO ReservationsDbRepository - Creating ReservationsDbRepository
2021-04-05 17:56:38,364 [1] INFO Service - Creating the service
2021-04-05 18:08:22,645 [1] INFO OperatorsDbRepository - Creating OperatorsDbRepository
2021-04-05 18:08:22,662 [1] INFO RidesDbRepository - Creating RidesDbRepository
2021-04-05 18:08:22,663 [1] INFO ReservationsDbRepository - Creating ReservationsDbRepository
2021-04-05 18:08:22,672 [1] INFO Service - Creating the service
2021-04-05 18:32:15,877 [1] INFO OperatorsDbRepository - Creating OperatorsDbRepository
2021-04-05 18:32:15,900 [1] INFO RidesDbRepository - Creating RidesDbRepository
2021-04-05 18:32:15,901 [1] INFO ReservationsDbRepository - Creating ReservationsDbRepository
2021-04-05 18:32:15,914 [1] INFO Service - Creating the service
2021-04-05 18:37:40,499 [1] INFO OperatorsDbRepository - Creating OperatorsDbRepository
2021-04-05 18:37:40,515 [1] INFO RidesDbRepository - Creating RidesDbRepository
2021-04-05 18:37:40,516 [1] INFO ReservationsDbRepository - Creating ReservationsDbRepository
2021-04-05 18:37:40,523 [1] INFO Service - Creating the service
2021-04-05 18:38:29,756 [1] INFO OperatorsDbRepository - Creating OperatorsDbRepository
2021-04-05 18:38:29,772 [1] INFO RidesDbRepository - Creating RidesDbRepository
2021-04-05 18:38:29,773 [1] INFO ReservationsDbRepository - Creating ReservationsDbRepository
2021-04-05 18:38:29,791 [1] INFO Service - Creating the service
2021-04-05 18:41:16,302 [1] INFO OperatorsDbRepository - Creating OperatorsDbRepository
2021-04-05 18:41:16,325 [1] INFO RidesDbRepository - Creating RidesDbRepository
2021-04-05 18:41:16,326 [1] INFO ReservationsDbRepository - Creating ReservationsDbRepository
2021-04-05 18:41:16,334 [1] INFO Service - Creating the service
2021-04-05 18:46:45,998 [1] INFO OperatorsDbRepository - Creating OperatorsDbRepository
2021-04-05 18:46:46,016 [1] INFO RidesDbRepository - Creating RidesDbRepository
2021-04-05 18:46:46,018 [1] INFO ReservationsDbRepository - Creating ReservationsDbRepository
2021-04-05 18:46:46,028 [1] INFO Service - Creating the service
2021-04-05 18:49:14,660 [1] INFO OperatorsDbRepository - Creating OperatorsDbRepository
2021-04-05 18:49:14,678 [1] INFO RidesDbRepository - Creating RidesDbRepository
2021-04-05 18:49:14,679 [1] INFO ReservationsDbRepository - Creating ReservationsDbRepository
2021-04-05 18:49:14,696 [1] INFO Service - Creating the service
2021-04-05 18:49:28,118 [3] INFO OperatorsDbRepository - Entering findIdByUsername with value operator1
2021-04-05 18:54:12,278 [1] INFO OperatorsDbRepository - Creating OperatorsDbRepository
2021-04-05 18:54:12,296 [1] INFO RidesDbRepository - Creating RidesDbRepository
2021-04-05 18:54:12,297 [1] INFO ReservationsDbRepository - Creating ReservationsDbRepository
2021-04-05 18:54:12,310 [1] INFO Service - Creating the service
2021-04-05 18:54:27,747 [3] INFO OperatorsDbRepository - Entering findIdByUsername with value operator1
2021-04-05 18:55:28,957 [1] INFO OperatorsDbRepository - Creating OperatorsDbRepository
2021-04-05 18:55:28,981 [1] INFO RidesDbRepository - Creating RidesDbRepository
2021-04-05 18:55:28,993 [1] INFO ReservationsDbRepository - Creating ReservationsDbRepository
2021-04-05 18:55:29,014 [1] INFO Service - Creating the service
2021-04-05 18:55:45,828 [3] INFO OperatorsDbRepository - Entering findIdByUsername with value operator1
2021-04-05 19:04:45,879 [1] INFO OperatorsDbRepository - Creating OperatorsDbRepository
2021-04-05 19:04:45,894 [1] INFO RidesDbRepository - Creating RidesDbRepository
2021-04-05 19:04:45,895 [1] INFO ReservationsDbRepository - Creating ReservationsDbRepository
2021-04-05 19:04:45,903 [1] INFO Service - Creating the service
2021-04-05 19:05:01,874 [3] INFO OperatorsDbRepository - Entering findIdByUsername with value operator1
2021-04-05 19:09:49,857 [1] INFO OperatorsDbRepository - Creating OperatorsDbRepository
2021-04-05 19:09:49,873 [1] INFO RidesDbRepository - Creating RidesDbRepository
2021-04-05 19:09:49,873 [1] INFO ReservationsDbRepository - Creating ReservationsDbRepository
2021-04-05 19:09:49,888 [1] INFO Service - Creating the service
2021-04-05 19:10:08,404 [3] INFO OperatorsDbRepository - Entering findIdByUsername with value operator1
2021-04-05 19:12:52,548 [1] INFO OperatorsDbRepository - Creating OperatorsDbRepository
2021-04-05 19:12:52,583 [1] INFO RidesDbRepository - Creating RidesDbRepository
2021-04-05 19:12:52,586 [1] INFO ReservationsDbRepository - Creating ReservationsDbRepository
2021-04-05 19:12:52,610 [1] INFO Service - Creating the service
2021-04-05 19:13:06,843 [3] INFO OperatorsDbRepository - Entering findIdByUsername with value operator1
2021-04-05 19:14:46,283 [1] INFO OperatorsDbRepository - Creating OperatorsDbRepository
2021-04-05 19:14:46,306 [1] INFO RidesDbRepository - Creating RidesDbRepository
2021-04-05 19:14:46,308 [1] INFO ReservationsDbRepository - Creating ReservationsDbRepository
2021-04-05 19:14:46,320 [1] INFO Service - Creating the service
2021-04-05 19:15:05,300 [3] INFO OperatorsDbRepository - Entering findIdByUsername with value operator1
2021-04-05 19:15:40,536 [1] INFO OperatorsDbRepository - Creating OperatorsDbRepository
2021-04-05 19:15:40,556 [1] INFO RidesDbRepository - Creating RidesDbRepository
2021-04-05 19:15:40,556 [1] INFO ReservationsDbRepository - Creating ReservationsDbRepository
2021-04-05 19:15:40,564 [1] INFO Service - Creating the service
2021-04-05 19:16:39,911 [3] INFO OperatorsDbRepository - Entering findIdByUsername with value operator1
2021-04-05 19:17:59,316 [1] INFO OperatorsDbRepository - Creating OperatorsDbRepository
2021-04-05 19:17:59,334 [1] INFO RidesDbRepository - Creating RidesDbRepository
2021-04-05 19:17:59,335 [1] INFO ReservationsDbRepository - Creating ReservationsDbRepository
2021-04-05 19:17:59,343 [1] INFO Service - Creating the service
2021-04-05 19:18:36,575 [3] INFO OperatorsDbRepository - Entering findIdByUsername with value operator1
2021-04-05 19:20:57,337 [1] INFO OperatorsDbRepository - Creating OperatorsDbRepository
2021-04-05 19:20:57,357 [1] INFO RidesDbRepository - Creating RidesDbRepository
2021-04-05 19:20:57,359 [1] INFO ReservationsDbRepository - Creating ReservationsDbRepository
2021-04-05 19:20:57,371 [1] INFO Service - Creating the service
2021-04-05 19:21:24,208 [3] INFO OperatorsDbRepository - Entering findIdByUsername with value operator1
2021-04-05 19:21:40,319 [1] INFO OperatorsDbRepository - Creating OperatorsDbRepository
2021-04-05 19:21:40,342 [1] INFO RidesDbRepository - Creating RidesDbRepository
2021-04-05 19:21:40,342 [1] INFO ReservationsDbRepository - Creating ReservationsDbRepository
2021-04-05 19:21:40,360 [1] INFO Service - Creating the service
2021-04-05 19:22:20,308 [3] INFO OperatorsDbRepository - Entering findIdByUsername with value operator1
2021-04-05 19:22:54,976 [1] INFO OperatorsDbRepository - Creating OperatorsDbRepository
2021-04-05 19:22:54,996 [1] INFO RidesDbRepository - Creating RidesDbRepository
2021-04-05 19:22:54,996 [1] INFO ReservationsDbRepository - Creating ReservationsDbRepository
2021-04-05 19:22:55,015 [1] INFO Service - Creating the service
2021-04-05 19:23:28,561 [3] INFO OperatorsDbRepository - Entering findIdByUsername with value operator1
2021-04-05 19:25:35,334 [1] INFO OperatorsDbRepository - Creating OperatorsDbRepository
2021-04-05 19:25:35,354 [1] INFO RidesDbRepository - Creating RidesDbRepository
2021-04-05 19:25:35,355 [1] INFO ReservationsDbRepository - Creating ReservationsDbRepository
2021-04-05 19:25:35,366 [1] INFO Service - Creating the service
2021-04-05 19:26:06,947 [3] INFO OperatorsDbRepository - Entering findIdByUsername with value operator1
2021-04-05 19:28:40,755 [1] INFO OperatorsDbRepository - Creating OperatorsDbRepository
2021-04-05 19:28:40,788 [1] INFO RidesDbRepository - Creating RidesDbRepository
2021-04-05 19:28:40,790 [1] INFO ReservationsDbRepository - Creating ReservationsDbRepository
2021-04-05 19:28:40,809 [1] INFO Service - Creating the service
2021-04-05 19:29:07,585 [3] INFO OperatorsDbRepository - Entering findIdByUsername with value operator1
2021-04-05 19:30:55,402 [1] INFO OperatorsDbRepository - Creating OperatorsDbRepository
2021-04-05 19:30:55,420 [1] INFO RidesDbRepository - Creating RidesDbRepository
2021-04-05 19:30:55,421 [1] INFO ReservationsDbRepository - Creating ReservationsDbRepository
2021-04-05 19:30:55,435 [1] INFO Service - Creating the service
2021-04-05 19:31:08,882 [3] INFO OperatorsDbRepository - Entering findIdByUsername with value operator1
2021-04-05 19:35:42,050 [1] INFO OperatorsDbRepository - Creating OperatorsDbRepository
2021-04-05 19:35:42,066 [1] INFO RidesDbRepository - Creating RidesDbRepository
2021-04-05 19:35:42,068 [1] INFO ReservationsDbRepository - Creating ReservationsDbRepository
2021-04-05 19:35:42,091 [1] INFO Service - Creating the service
2021-04-05 19:35:58,889 [3] INFO OperatorsDbRepository - Entering findIdByUsername with value operator1
2021-04-05 19:39:50,087 [1] INFO OperatorsDbRepository - Creating OperatorsDbRepository
2021-04-05 19:39:50,106 [1] INFO RidesDbRepository - Creating RidesDbRepository
2021-04-05 19:39:50,106 [1] INFO ReservationsDbRepository - Creating ReservationsDbRepository
2021-04-05 19:39:50,112 [1] INFO Service - Creating the service
2021-04-05 19:40:08,168 [3] INFO OperatorsDbRepository - Entering findIdByUsername with value operator1
2021-04-05 19:45:40,847 [1] INFO OperatorsDbRepository - Creating OperatorsDbRepository
2021-04-05 19:45:40,861 [1] INFO RidesDbRepository - Creating RidesDbRepository
2021-04-05 19:45:40,862 [1] INFO ReservationsDbRepository - Creating ReservationsDbRepository
2021-04-05 19:45:40,869 [1] INFO Service - Creating the service
2021-04-05 19:46:05,831 [3] INFO OperatorsDbRepository - Entering findIdByUsername with value operator1
2021-04-05 19:46:06,354 [3] INFO OperatorsDbRepository - Exiting findOne with value 1
2021-04-05 19:46:06,360 [3] INFO OperatorsDbRepository - Entering findOne with value 1
2021-04-05 19:46:06,362 [3] INFO OperatorsDbRepository - Exiting findOne with value {1 Andrei Andreica}
2021-04-05 20:03:08,197 [1] INFO OperatorsDbRepository - Creating OperatorsDbRepository
2021-04-05 20:03:08,210 [1] INFO RidesDbRepository - Creating RidesDbRepository
2021-04-05 20:03:08,210 [1] INFO ReservationsDbRepository - Creating ReservationsDbRepository
2021-04-05 20:03:08,214 [1] INFO Service - Creating the service
2021-04-05 20:03:25,919 [3] INFO OperatorsDbRepository - Entering findIdByUsername with value operator1
2021-04-05 20:03:26,031 [3] INFO OperatorsDbRepository - Exiting findOne with value 1
2021-04-05 20:03:26,037 [3] INFO OperatorsDbRepository - Entering findOne with value 1
2021-04-05 20:03:26,039 [3] INFO OperatorsDbRepository - Exiting findOne with value {1 Andrei Andreica}
2021-04-05 20:25:02,775 [1] INFO OperatorsDbRepository - Creating OperatorsDbRepository
2021-04-05 20:25:02,798 [1] INFO RidesDbRepository - Creating RidesDbRepository
2021-04-05 20:25:02,801 [1] INFO ReservationsDbRepository - Creating ReservationsDbRepository
2021-04-05 20:25:02,824 [1] INFO Service - Creating the service
2021-04-05 20:25:19,820 [3] INFO OperatorsDbRepository - Entering findIdByUsername with value operator1
2021-04-05 20:25:20,037 [3] INFO OperatorsDbRepository - Exiting findOne with value 1
2021-04-05 20:25:20,042 [3] INFO OperatorsDbRepository - Entering findOne with value 1
2021-04-05 20:25:20,044 [3] INFO OperatorsDbRepository - Exiting findOne with value {1 Andrei Andreica}
2021-04-05 20:25:21,494 [3] INFO Service - Entering FindAllRides()
2021-04-05 20:25:21,495 [3] INFO RidesDbRepository - Entering findAll
2021-04-05 20:25:21,508 [3] INFO RidesDbRepository - Exiting findAll
2021-04-05 20:25:22,531 [3] INFO Service - Entering FindAllReservations()
2021-04-05 20:25:22,533 [3] INFO ReservationsDbRepository - Entering findAll
2021-04-05 20:25:22,542 [3] INFO ReservationsDbRepository - Exiting findAll
2021-04-05 22:21:34,850 [1] INFO OperatorsDbRepository - Creating OperatorsDbRepository
2021-04-05 22:21:34,874 [1] INFO RidesDbRepository - Creating RidesDbRepository
2021-04-05 22:21:34,875 [1] INFO ReservationsDbRepository - Creating ReservationsDbRepository
2021-04-05 22:21:34,892 [1] INFO Service - Creating the service
2021-04-05 22:22:11,329 [3] INFO OperatorsDbRepository - Entering findIdByUsername with value operator1
2021-04-05 22:22:12,855 [3] INFO OperatorsDbRepository - Exiting findOne with value 1
2021-04-05 22:22:12,874 [3] INFO OperatorsDbRepository - Entering findOne with value 1
2021-04-05 22:22:12,884 [3] INFO OperatorsDbRepository - Exiting findOne with value {1 Andrei Andreica}
2021-04-05 22:22:15,146 [3] INFO Service - Entering FindAllRides()
2021-04-05 22:22:15,147 [3] INFO RidesDbRepository - Entering findAll
2021-04-05 22:22:15,154 [3] INFO RidesDbRepository - Exiting findAll
2021-04-05 22:22:16,162 [3] INFO Service - Entering FindAllReservations()
2021-04-05 22:22:16,164 [3] INFO ReservationsDbRepository - Entering findAll
2021-04-05 22:22:16,181 [3] INFO ReservationsDbRepository - Exiting findAll
2021-04-05 22:22:37,935 [4] INFO OperatorsDbRepository - Entering findIdByUsername with value operator2
2021-04-05 22:22:37,945 [4] INFO OperatorsDbRepository - Exiting findOne with value 5
2021-04-05 22:22:37,947 [4] INFO OperatorsDbRepository - Entering findOne with value 5
2021-04-05 22:22:37,966 [4] INFO OperatorsDbRepository - Exiting findOne with value {5 Bogdan Bogdaneanu}
2021-04-05 22:22:40,039 [4] INFO Service - Entering FindAllRides()
2021-04-05 22:22:40,039 [4] INFO RidesDbRepository - Entering findAll
2021-04-05 22:22:40,042 [4] INFO RidesDbRepository - Exiting findAll
2021-04-05 22:22:41,065 [4] INFO Service - Entering FindAllReservations()
2021-04-05 22:22:41,067 [4] INFO ReservationsDbRepository - Entering findAll
2021-04-05 22:22:41,081 [4] INFO ReservationsDbRepository - Exiting findAll
2021-04-05 22:23:45,089 [5] INFO OperatorsDbRepository - Entering findIdByUsername with value operator1
2021-04-05 22:23:45,094 [5] INFO OperatorsDbRepository - Exiting findOne with value 1
2021-04-05 22:23:45,103 [5] INFO OperatorsDbRepository - Entering findOne with value 1
2021-04-05 22:23:45,113 [5] INFO OperatorsDbRepository - Exiting findOne with value {1 Andrei Andreica}
2021-04-05 22:23:46,939 [5] INFO Service - Entering FindAllRides()
2021-04-05 22:23:46,940 [5] INFO RidesDbRepository - Entering findAll
2021-04-05 22:23:46,943 [5] INFO RidesDbRepository - Exiting findAll
2021-04-05 22:23:47,954 [5] INFO Service - Entering FindAllReservations()
2021-04-05 22:23:47,956 [5] INFO ReservationsDbRepository - Entering findAll
2021-04-05 22:23:47,964 [5] INFO ReservationsDbRepository - Exiting findAll
2021-04-05 22:38:24,624 [1] INFO OperatorsDbRepository - Creating OperatorsDbRepository
2021-04-05 22:38:24,649 [1] INFO RidesDbRepository - Creating RidesDbRepository
2021-04-05 22:38:24,649 [1] INFO ReservationsDbRepository - Creating ReservationsDbRepository
2021-04-05 22:38:24,663 [1] INFO Service - Creating the service
2021-04-05 22:38:47,588 [3] INFO OperatorsDbRepository - Entering findIdByUsername with value operator1
2021-04-05 22:38:47,869 [3] INFO OperatorsDbRepository - Exiting findOne with value 1
2021-04-05 22:38:47,876 [3] INFO OperatorsDbRepository - Entering findOne with value 1
2021-04-05 22:38:47,882 [3] INFO OperatorsDbRepository - Exiting findOne with value {1 Andrei Andreica}
2021-04-05 22:38:49,714 [3] INFO Service - Entering FindAllRides()
2021-04-05 22:38:49,715 [3] INFO RidesDbRepository - Entering findAll
2021-04-05 22:38:49,721 [3] INFO RidesDbRepository - Exiting findAll
2021-04-05 22:38:50,739 [3] INFO Service - Entering FindAllReservations()
2021-04-05 22:38:50,742 [3] INFO ReservationsDbRepository - Entering findAll
2021-04-05 22:38:50,749 [3] INFO ReservationsDbRepository - Exiting findAll
2021-04-05 22:38:59,679 [3] INFO RidesDbRepository - Entering save with value {0sighisoara 4/5/2021 10:38:49 PM}
2021-04-05 22:39:00,001 [3] INFO RidesDbRepository - Exiting save with value {0sighisoara 4/5/2021 10:38:49 PM} 
2021-04-05 22:39:35,444 [4] INFO OperatorsDbRepository - Entering findIdByUsername with value operator2
2021-04-05 22:39:35,452 [4] INFO OperatorsDbRepository - Exiting findOne with value 5
2021-04-05 22:39:35,466 [4] INFO OperatorsDbRepository - Entering findOne with value 5
2021-04-05 22:39:35,473 [4] INFO OperatorsDbRepository - Exiting findOne with value {5 Bogdan Bogdaneanu}
2021-04-05 22:39:38,543 [4] INFO Service - Entering FindAllRides()
2021-04-05 22:39:38,544 [4] INFO RidesDbRepository - Entering findAll
2021-04-05 22:39:38,553 [4] INFO RidesDbRepository - Exiting findAll
2021-04-05 22:39:39,585 [4] INFO Service - Entering FindAllReservations()
2021-04-05 22:39:39,586 [4] INFO ReservationsDbRepository - Entering findAll
2021-04-05 22:39:39,594 [4] INFO ReservationsDbRepository - Exiting findAll
2021-04-05 22:40:08,201 [4] INFO ReservationsDbRepository - Entering save with value 0
2021-04-05 22:40:08,979 [4] INFO ReservationsDbRepository - Exiting save with value 0 
2021-04-05 22:40:09,997 [4] INFO RidesDbRepository - Entering save with value 1
2021-04-05 22:40:10,705 [4] INFO RidesDbRepository - Exiting update with value 1
2021-04-05 23:13:41,271 [1] INFO OperatorsDbRepository - Creating OperatorsDbRepository
2021-04-05 23:13:41,291 [1] INFO RidesDbRepository - Creating RidesDbRepository
2021-04-05 23:13:41,291 [1] INFO ReservationsDbRepository - Creating ReservationsDbRepository
2021-04-05 23:13:41,301 [1] INFO Service - Creating the service
2021-04-05 23:14:13,007 [3] INFO OperatorsDbRepository - Entering findIdByUsername with value operator1
2021-04-05 23:14:13,301 [3] INFO OperatorsDbRepository - Exiting findOne with value 1
2021-04-05 23:14:13,312 [3] INFO OperatorsDbRepository - Entering findOne with value 1
2021-04-05 23:14:13,320 [3] INFO OperatorsDbRepository - Exiting findOne with value {1 Andrei Andreica}
2021-04-05 23:14:15,356 [3] INFO Service - Entering FindAllRides()
2021-04-05 23:14:15,360 [3] INFO RidesDbRepository - Entering findAll
2021-04-05 23:14:15,399 [3] INFO RidesDbRepository - Exiting findAll
2021-04-05 23:14:16,428 [3] INFO Service - Entering FindAllReservations()
2021-04-05 23:14:16,430 [3] INFO ReservationsDbRepository - Entering findAll
2021-04-05 23:14:16,442 [3] INFO ReservationsDbRepository - Exiting findAll
2021-04-05 23:14:28,472 [4] INFO OperatorsDbRepository - Entering findIdByUsername with value operator2
2021-04-05 23:14:28,481 [4] INFO OperatorsDbRepository - Exiting findOne with value 5
2021-04-05 23:14:28,496 [4] INFO OperatorsDbRepository - Entering findOne with value 5
2021-04-05 23:14:28,516 [4] INFO OperatorsDbRepository - Exiting findOne with value {5 Bogdan Bogdaneanu}
2021-04-05 23:14:30,036 [4] INFO Service - Entering FindAllRides()
2021-04-05 23:14:30,036 [4] INFO RidesDbRepository - Entering findAll
2021-04-05 23:14:30,039 [4] INFO RidesDbRepository - Exiting findAll
2021-04-05 23:14:31,055 [4] INFO Service - Entering FindAllReservations()
2021-04-05 23:14:31,056 [4] INFO ReservationsDbRepository - Entering findAll
2021-04-05 23:14:31,062 [4] INFO ReservationsDbRepository - Exiting findAll
2021-04-05 23:14:55,147 [3] INFO ReservationsDbRepository - Entering save with value 0
2021-04-05 23:14:55,344 [3] INFO ReservationsDbRepository - Exiting save with value 0 
2021-04-05 23:14:56,372 [3] INFO RidesDbRepository - Entering save with value 2
2021-04-05 23:14:56,499 [3] INFO RidesDbRepository - Exiting update with value 2
2021-04-05 23:15:47,909 [5] INFO OperatorsDbRepository - Entering findIdByUsername with value operator1
2021-04-05 23:15:47,916 [5] INFO OperatorsDbRepository - Exiting findOne with value 1
2021-04-05 23:15:47,928 [5] INFO OperatorsDbRepository - Entering findOne with value 1
2021-04-05 23:15:47,942 [5] INFO OperatorsDbRepository - Exiting findOne with value {1 Andrei Andreica}
2021-04-05 23:15:49,843 [5] INFO Service - Entering FindAllRides()
2021-04-05 23:15:49,844 [5] INFO RidesDbRepository - Entering findAll
2021-04-05 23:15:49,849 [5] INFO RidesDbRepository - Exiting findAll
2021-04-05 23:15:50,870 [5] INFO Service - Entering FindAllReservations()
2021-04-05 23:15:50,871 [5] INFO ReservationsDbRepository - Entering findAll
2021-04-05 23:15:50,886 [5] INFO ReservationsDbRepository - Exiting findAll
2021-04-05 23:21:27,272 [1] INFO OperatorsDbRepository - Creating OperatorsDbRepository
2021-04-05 23:21:27,291 [1] INFO RidesDbRepository - Creating RidesDbRepository
2021-04-05 23:21:27,292 [1] INFO ReservationsDbRepository - Creating ReservationsDbRepository
2021-04-05 23:21:27,302 [1] INFO Service - Creating the service
2021-04-05 23:21:45,102 [3] INFO OperatorsDbRepository - Entering findIdByUsername with value operator1
2021-04-05 23:21:45,462 [3] INFO OperatorsDbRepository - Exiting findOne with value 1
2021-04-05 23:21:45,474 [3] INFO OperatorsDbRepository - Entering findOne with value 1
2021-04-05 23:21:45,483 [3] INFO OperatorsDbRepository - Exiting findOne with value {1 Andrei Andreica}
2021-04-05 23:21:47,598 [3] INFO Service - Entering FindAllRides()
2021-04-05 23:21:47,600 [3] INFO RidesDbRepository - Entering findAll
2021-04-05 23:21:47,613 [3] INFO RidesDbRepository - Exiting findAll
2021-04-05 23:21:48,637 [3] INFO Service - Entering FindAllReservations()
2021-04-05 23:21:48,640 [3] INFO ReservationsDbRepository - Entering findAll
2021-04-05 23:21:48,654 [3] INFO ReservationsDbRepository - Exiting findAll
2021-04-05 23:22:04,702 [3] INFO RidesDbRepository - Entering save with value {0111 4/5/2021 11:21:47 PM}
2021-04-05 23:22:04,933 [3] INFO RidesDbRepository - Exiting save with value {0111 4/5/2021 11:21:47 PM} 
2021-04-05 23:23:26,214 [4] INFO OperatorsDbRepository - Entering findIdByUsername with value operator2
2021-04-05 23:23:26,216 [4] INFO OperatorsDbRepository - Exiting findOne with value 5
2021-04-05 23:23:26,219 [4] INFO OperatorsDbRepository - Entering findOne with value 5
2021-04-05 23:23:26,224 [4] INFO OperatorsDbRepository - Exiting findOne with value {5 Bogdan Bogdaneanu}
2021-04-05 23:23:27,771 [4] INFO Service - Entering FindAllRides()
2021-04-05 23:23:27,772 [4] INFO RidesDbRepository - Entering findAll
2021-04-05 23:23:27,773 [4] INFO RidesDbRepository - Exiting findAll
2021-04-05 23:23:28,789 [4] INFO Service - Entering FindAllReservations()
2021-04-05 23:23:28,790 [4] INFO ReservationsDbRepository - Entering findAll
2021-04-05 23:23:28,793 [4] INFO ReservationsDbRepository - Exiting findAll
2021-04-05 23:31:19,376 [1] INFO OperatorsDbRepository - Creating OperatorsDbRepository
2021-04-05 23:31:19,389 [1] INFO RidesDbRepository - Creating RidesDbRepository
2021-04-05 23:31:19,390 [1] INFO ReservationsDbRepository - Creating ReservationsDbRepository
2021-04-05 23:31:19,396 [1] INFO Service - Creating the service
2021-04-05 23:31:37,526 [3] INFO OperatorsDbRepository - Entering findIdByUsername with value operator1
2021-04-05 23:31:37,628 [3] INFO OperatorsDbRepository - Exiting findOne with value 1
2021-04-05 23:31:37,631 [3] INFO OperatorsDbRepository - Entering findOne with value 1
2021-04-05 23:31:37,634 [3] INFO OperatorsDbRepository - Exiting findOne with value {1 Andrei Andreica}
2021-04-05 23:31:38,950 [3] INFO Service - Entering FindAllRides()
2021-04-05 23:31:38,951 [3] INFO RidesDbRepository - Entering findAll
2021-04-05 23:31:38,954 [3] INFO RidesDbRepository - Exiting findAll
2021-04-05 23:31:39,959 [3] INFO Service - Entering FindAllReservations()
2021-04-05 23:31:39,961 [3] INFO ReservationsDbRepository - Entering findAll
2021-04-05 23:31:39,965 [3] INFO ReservationsDbRepository - Exiting findAll
2021-04-05 23:31:55,258 [3] INFO RidesDbRepository - Entering save with value {0paris 4/7/2021 11:31:38 PM}
2021-04-05 23:31:55,529 [3] INFO RidesDbRepository - Exiting save with value {0paris 4/7/2021 11:31:38 PM} 
2021-04-05 23:32:23,289 [4] INFO OperatorsDbRepository - Entering findIdByUsername with value operator2
2021-04-05 23:32:23,290 [4] INFO OperatorsDbRepository - Exiting findOne with value 5
2021-04-05 23:32:23,294 [4] INFO OperatorsDbRepository - Entering findOne with value 5
2021-04-05 23:32:23,297 [4] INFO OperatorsDbRepository - Exiting findOne with value {5 Bogdan Bogdaneanu}
2021-04-05 23:32:24,786 [4] INFO Service - Entering FindAllRides()
2021-04-05 23:32:24,787 [4] INFO RidesDbRepository - Entering findAll
2021-04-05 23:32:24,789 [4] INFO RidesDbRepository - Exiting findAll
2021-04-05 23:32:25,805 [4] INFO Service - Entering FindAllReservations()
2021-04-05 23:32:25,806 [4] INFO ReservationsDbRepository - Entering findAll
2021-04-05 23:32:25,807 [4] INFO ReservationsDbRepository - Exiting findAll
2021-04-05 23:32:46,824 [3] INFO RidesDbRepository - Entering save with value {0Oradea 4/9/2021 11:31:38 PM}
2021-04-05 23:32:46,988 [3] INFO RidesDbRepository - Exiting save with value {0Oradea 4/9/2021 11:31:38 PM} 
2021-04-05 23:55:36,521 [1] INFO OperatorsDbRepository - Creating OperatorsDbRepository
2021-04-05 23:55:36,538 [1] INFO RidesDbRepository - Creating RidesDbRepository
2021-04-05 23:55:36,538 [1] INFO ReservationsDbRepository - Creating ReservationsDbRepository
2021-04-05 23:55:36,548 [1] INFO Service - Creating the service
2021-04-05 23:55:55,040 [3] INFO OperatorsDbRepository - Entering findIdByUsername with value operator1
2021-04-05 23:55:55,136 [3] INFO OperatorsDbRepository - Exiting findOne with value 1
2021-04-05 23:55:55,140 [3] INFO OperatorsDbRepository - Entering findOne with value 1
2021-04-05 23:55:55,146 [3] INFO OperatorsDbRepository - Exiting findOne with value {1 Andrei Andreica}
2021-04-05 23:55:56,692 [3] INFO Service - Entering FindAllRides()
2021-04-05 23:55:56,693 [3] INFO RidesDbRepository - Entering findAll
2021-04-05 23:55:56,699 [3] INFO RidesDbRepository - Exiting findAll
2021-04-05 23:55:57,711 [3] INFO Service - Entering FindAllReservations()
2021-04-05 23:55:57,712 [3] INFO ReservationsDbRepository - Entering findAll
2021-04-05 23:55:57,715 [3] INFO ReservationsDbRepository - Exiting findAll
2021-04-05 23:56:07,116 [3] INFO RidesDbRepository - Entering save with value {0thisss 4/5/2021 11:55:56 PM}
2021-04-05 23:56:07,279 [3] INFO RidesDbRepository - Exiting save with value {0thisss 4/5/2021 11:55:56 PM} 
2021-04-06 00:11:18,247 [1] INFO OperatorsDbRepository - Creating OperatorsDbRepository
2021-04-06 00:11:18,270 [1] INFO RidesDbRepository - Creating RidesDbRepository
2021-04-06 00:11:18,271 [1] INFO ReservationsDbRepository - Creating ReservationsDbRepository
2021-04-06 00:11:18,282 [1] INFO Service - Creating the service
2021-04-06 00:11:36,119 [3] INFO OperatorsDbRepository - Entering findIdByUsername with value operator1
2021-04-06 00:11:36,446 [3] INFO OperatorsDbRepository - Exiting findOne with value 1
2021-04-06 00:11:36,463 [3] INFO OperatorsDbRepository - Entering findOne with value 1
2021-04-06 00:11:36,475 [3] INFO OperatorsDbRepository - Exiting findOne with value {1 Andrei Andreica}
2021-04-06 00:11:38,505 [3] INFO Service - Entering FindAllRides()
2021-04-06 00:11:38,507 [3] INFO RidesDbRepository - Entering findAll
2021-04-06 00:11:38,515 [3] INFO RidesDbRepository - Exiting findAll
2021-04-06 00:11:39,529 [3] INFO Service - Entering FindAllReservations()
2021-04-06 00:11:39,531 [3] INFO ReservationsDbRepository - Entering findAll
2021-04-06 00:11:39,548 [3] INFO ReservationsDbRepository - Exiting findAll
2021-04-06 00:11:59,520 [3] INFO RidesDbRepository - Entering save with value {0Sibiu 4/30/2021 12:11:38 AM}
2021-04-06 00:12:00,437 [3] INFO RidesDbRepository - Exiting save with value {0Sibiu 4/30/2021 12:11:38 AM} 
2021-04-06 00:23:59,500 [1] INFO OperatorsDbRepository - Creating OperatorsDbRepository
2021-04-06 00:23:59,527 [1] INFO RidesDbRepository - Creating RidesDbRepository
2021-04-06 00:23:59,528 [1] INFO ReservationsDbRepository - Creating ReservationsDbRepository
2021-04-06 00:23:59,538 [1] INFO Service - Creating the service
2021-04-06 00:24:18,159 [3] INFO OperatorsDbRepository - Entering findIdByUsername with value operator1
2021-04-06 00:24:18,437 [3] INFO OperatorsDbRepository - Exiting findOne with value 1
2021-04-06 00:24:18,449 [3] INFO OperatorsDbRepository - Entering findOne with value 1
2021-04-06 00:24:18,456 [3] INFO OperatorsDbRepository - Exiting findOne with value {1 Andrei Andreica}
2021-04-06 00:24:20,578 [3] INFO Service - Entering FindAllRides()
2021-04-06 00:24:20,582 [3] INFO RidesDbRepository - Entering findAll
2021-04-06 00:24:20,616 [3] INFO RidesDbRepository - Exiting findAll
2021-04-06 00:24:21,651 [3] INFO Service - Entering FindAllReservations()
2021-04-06 00:24:21,655 [3] INFO ReservationsDbRepository - Entering findAll
2021-04-06 00:24:21,666 [3] INFO ReservationsDbRepository - Exiting findAll
2021-04-06 00:24:30,558 [3] INFO RidesDbRepository - Entering save with value {0aaaaaaaaaa 4/30/2021 12:24:20 AM}
2021-04-06 00:24:30,790 [3] INFO RidesDbRepository - Exiting save with value {0aaaaaaaaaa 4/30/2021 12:24:20 AM} 
2021-04-06 00:24:31,811 [3] INFO Service - Entering FindAllReservations()
2021-04-06 00:24:31,812 [3] INFO ReservationsDbRepository - Entering findAll
2021-04-06 00:24:31,819 [3] INFO ReservationsDbRepository - Exiting findAll
2021-04-06 00:24:32,846 [3] INFO Service - Entering FindAllRides()
2021-04-06 00:24:32,847 [3] INFO RidesDbRepository - Entering findAll
2021-04-06 00:24:32,868 [3] INFO RidesDbRepository - Exiting findAll
2021-04-06 00:24:33,881 [3] INFO Service - Entering FindAllReservations()
2021-04-06 00:24:33,882 [3] INFO ReservationsDbRepository - Entering findAll
2021-04-06 00:24:33,888 [3] INFO ReservationsDbRepository - Exiting findAll
2021-04-06 00:24:34,915 [3] INFO Service - Entering FindAllRides()
2021-04-06 00:24:34,915 [3] INFO RidesDbRepository - Entering findAll
2021-04-06 00:24:34,921 [3] INFO RidesDbRepository - Exiting findAll
2021-04-06 00:24:54,940 [4] INFO OperatorsDbRepository - Entering findIdByUsername with value operator2
2021-04-06 00:24:54,959 [4] INFO OperatorsDbRepository - Exiting findOne with value 5
2021-04-06 00:24:54,971 [4] INFO OperatorsDbRepository - Entering findOne with value 5
2021-04-06 00:24:54,989 [4] INFO OperatorsDbRepository - Exiting findOne with value {5 Bogdan Bogdaneanu}
2021-04-06 00:24:56,747 [4] INFO Service - Entering FindAllRides()
2021-04-06 00:24:56,747 [4] INFO RidesDbRepository - Entering findAll
2021-04-06 00:24:56,751 [4] INFO RidesDbRepository - Exiting findAll
2021-04-06 00:24:57,758 [4] INFO Service - Entering FindAllReservations()
2021-04-06 00:24:57,760 [4] INFO ReservationsDbRepository - Entering findAll
2021-04-06 00:24:57,766 [4] INFO ReservationsDbRepository - Exiting findAll
2021-04-06 00:25:23,220 [3] INFO ReservationsDbRepository - Entering save with value 0
2021-04-06 00:25:23,457 [3] INFO ReservationsDbRepository - Exiting save with value 0 
2021-04-06 00:25:23,473 [4] INFO Service - Entering FindAllReservations()
2021-04-06 00:25:23,478 [4] INFO ReservationsDbRepository - Entering findAll
2021-04-06 00:25:23,484 [4] INFO ReservationsDbRepository - Exiting findAll
2021-04-06 00:25:24,495 [3] INFO RidesDbRepository - Entering save with value 10
2021-04-06 00:25:25,187 [3] INFO RidesDbRepository - Exiting update with value 10
2021-04-06 00:25:25,193 [4] INFO Service - Entering FindAllRides()
2021-04-06 00:25:25,218 [4] INFO RidesDbRepository - Entering findAll
2021-04-06 00:25:25,224 [4] INFO RidesDbRepository - Exiting findAll
2021-04-06 00:25:26,220 [3] INFO Service - Entering FindAllReservations()
2021-04-06 00:25:26,221 [3] INFO ReservationsDbRepository - Entering findAll
2021-04-06 00:25:26,230 [3] INFO ReservationsDbRepository - Exiting findAll
2021-04-06 00:25:26,252 [4] INFO Service - Entering FindAllReservations()
2021-04-06 00:25:26,253 [4] INFO ReservationsDbRepository - Entering findAll
2021-04-06 00:25:26,274 [4] INFO ReservationsDbRepository - Exiting findAll
2021-04-06 00:25:27,247 [3] INFO Service - Entering FindAllRides()
2021-04-06 00:25:27,248 [3] INFO RidesDbRepository - Entering findAll
2021-04-06 00:25:27,255 [3] INFO RidesDbRepository - Exiting findAll
2021-04-06 00:25:27,324 [4] INFO Service - Entering FindAllRides()
2021-04-06 00:25:27,325 [4] INFO RidesDbRepository - Entering findAll
2021-04-06 00:25:27,330 [4] INFO RidesDbRepository - Exiting findAll
2021-04-06 00:25:28,269 [3] INFO Service - Entering FindAllReservations()
2021-04-06 00:25:28,271 [3] INFO ReservationsDbRepository - Entering findAll
2021-04-06 00:25:28,278 [3] INFO ReservationsDbRepository - Exiting findAll
2021-04-06 00:25:28,365 [4] INFO Service - Entering FindAllReservations()
2021-04-06 00:25:28,366 [4] INFO ReservationsDbRepository - Entering findAll
2021-04-06 00:25:28,371 [4] INFO ReservationsDbRepository - Exiting findAll
2021-04-06 00:25:29,318 [3] INFO Service - Entering FindAllRides()
2021-04-06 00:25:29,319 [3] INFO RidesDbRepository - Entering findAll
2021-04-06 00:25:29,324 [3] INFO RidesDbRepository - Exiting findAll
2021-04-06 00:25:29,396 [4] INFO Service - Entering FindAllRides()
2021-04-06 00:25:29,397 [4] INFO RidesDbRepository - Entering findAll
2021-04-06 00:25:29,404 [4] INFO RidesDbRepository - Exiting findAll
2021-04-06 00:25:30,363 [3] INFO Service - Entering FindAllReservations()
2021-04-06 00:25:30,365 [3] INFO ReservationsDbRepository - Entering findAll
2021-04-06 00:25:30,371 [3] INFO ReservationsDbRepository - Exiting findAll
2021-04-06 00:25:30,441 [4] INFO Service - Entering FindAllReservations()
2021-04-06 00:25:30,442 [4] INFO ReservationsDbRepository - Entering findAll
2021-04-06 00:25:30,448 [4] INFO ReservationsDbRepository - Exiting findAll
2021-04-06 00:25:31,410 [3] INFO Service - Entering FindAllRides()
2021-04-06 00:25:31,411 [3] INFO RidesDbRepository - Entering findAll
2021-04-06 00:25:31,419 [3] INFO RidesDbRepository - Exiting findAll
2021-04-06 00:25:31,488 [4] INFO Service - Entering FindAllRides()
2021-04-06 00:25:31,490 [4] INFO RidesDbRepository - Entering findAll
2021-04-06 00:25:31,497 [4] INFO RidesDbRepository - Exiting findAll
2021-04-06 00:25:32,459 [3] INFO Service - Entering FindAllReservations()
2021-04-06 00:25:32,460 [3] INFO ReservationsDbRepository - Entering findAll
2021-04-06 00:25:32,467 [3] INFO ReservationsDbRepository - Exiting findAll
2021-04-06 00:25:33,488 [3] INFO Service - Entering FindAllRides()
2021-04-06 00:25:33,489 [3] INFO RidesDbRepository - Entering findAll
2021-04-06 00:25:33,497 [3] INFO RidesDbRepository - Exiting findAll
2021-04-06 09:25:48,409 [1] INFO OperatorsDbRepository - Creating OperatorsDbRepository
2021-04-06 09:25:48,527 [1] INFO RidesDbRepository - Creating RidesDbRepository
2021-04-06 09:25:48,527 [1] INFO ReservationsDbRepository - Creating ReservationsDbRepository
2021-04-06 09:25:48,544 [1] INFO Service - Creating the service
2021-04-06 09:26:25,077 [3] INFO OperatorsDbRepository - Entering findIdByUsername with value operator1
2021-04-06 09:26:25,639 [3] INFO OperatorsDbRepository - Exiting findOne with value 1
2021-04-06 09:26:25,642 [3] INFO OperatorsDbRepository - Entering findOne with value 1
2021-04-06 09:26:25,644 [3] INFO OperatorsDbRepository - Exiting findOne with value {1 Andrei Andreica}
2021-04-06 09:26:27,760 [3] INFO Service - Entering FindAllRides()
2021-04-06 09:26:27,761 [3] INFO RidesDbRepository - Entering findAll
2021-04-06 09:26:27,789 [3] INFO RidesDbRepository - Exiting findAll
2021-04-06 09:26:28,798 [3] INFO Service - Entering FindAllReservations()
2021-04-06 09:26:28,800 [3] INFO ReservationsDbRepository - Entering findAll
2021-04-06 09:26:28,809 [3] INFO ReservationsDbRepository - Exiting findAll
2021-04-06 09:26:40,421 [4] INFO OperatorsDbRepository - Entering findIdByUsername with value operator2
2021-04-06 09:26:40,423 [4] INFO OperatorsDbRepository - Exiting findOne with value 5
2021-04-06 09:26:40,425 [4] INFO OperatorsDbRepository - Entering findOne with value 5
2021-04-06 09:26:40,426 [4] INFO OperatorsDbRepository - Exiting findOne with value {5 Bogdan Bogdaneanu}
2021-04-06 09:26:41,931 [4] INFO Service - Entering FindAllRides()
2021-04-06 09:26:41,931 [4] INFO RidesDbRepository - Entering findAll
2021-04-06 09:26:41,935 [4] INFO RidesDbRepository - Exiting findAll
2021-04-06 09:26:42,950 [4] INFO Service - Entering FindAllReservations()
2021-04-06 09:26:42,950 [4] INFO ReservationsDbRepository - Entering findAll
2021-04-06 09:26:42,952 [4] INFO ReservationsDbRepository - Exiting findAll
2021-04-06 09:27:13,754 [4] INFO ReservationsDbRepository - Entering save with value 0
2021-04-06 09:27:14,066 [4] INFO ReservationsDbRepository - Exiting save with value 0 
2021-04-06 09:27:15,073 [4] INFO RidesDbRepository - Entering save with value 9
2021-04-06 09:27:15,346 [4] INFO RidesDbRepository - Exiting update with value 9
2021-04-06 09:28:04,298 [1] INFO OperatorsDbRepository - Creating OperatorsDbRepository
2021-04-06 09:28:04,313 [1] INFO RidesDbRepository - Creating RidesDbRepository
2021-04-06 09:28:04,313 [1] INFO ReservationsDbRepository - Creating ReservationsDbRepository
2021-04-06 09:28:04,313 [1] INFO Service - Creating the service
2021-04-06 09:28:22,335 [3] INFO OperatorsDbRepository - Entering findIdByUsername with value operator1
2021-04-06 09:28:22,437 [3] INFO OperatorsDbRepository - Exiting findOne with value 1
2021-04-06 09:28:22,441 [3] INFO OperatorsDbRepository - Entering findOne with value 1
2021-04-06 09:28:22,443 [3] INFO OperatorsDbRepository - Exiting findOne with value {1 Andrei Andreica}
2021-04-06 09:28:23,734 [3] INFO Service - Entering FindAllRides()
2021-04-06 09:28:23,734 [3] INFO RidesDbRepository - Entering findAll
2021-04-06 09:28:23,739 [3] INFO RidesDbRepository - Exiting findAll
2021-04-06 09:28:24,750 [3] INFO Service - Entering FindAllReservations()
2021-04-06 09:28:24,752 [3] INFO ReservationsDbRepository - Entering findAll
2021-04-06 09:28:24,756 [3] INFO ReservationsDbRepository - Exiting findAll
2021-04-06 09:28:41,706 [4] INFO OperatorsDbRepository - Entering findIdByUsername with value operator2
2021-04-06 09:28:41,707 [4] INFO OperatorsDbRepository - Exiting findOne with value 5
2021-04-06 09:28:41,709 [4] INFO OperatorsDbRepository - Entering findOne with value 5
2021-04-06 09:28:41,710 [4] INFO OperatorsDbRepository - Exiting findOne with value {5 Bogdan Bogdaneanu}
2021-04-06 09:28:42,983 [4] INFO Service - Entering FindAllRides()
2021-04-06 09:28:42,984 [4] INFO RidesDbRepository - Entering findAll
2021-04-06 09:28:42,987 [4] INFO RidesDbRepository - Exiting findAll
2021-04-06 09:28:44,005 [4] INFO Service - Entering FindAllReservations()
2021-04-06 09:28:44,006 [4] INFO ReservationsDbRepository - Entering findAll
2021-04-06 09:28:44,013 [4] INFO ReservationsDbRepository - Exiting findAll
2021-04-06 09:29:19,296 [3] INFO ReservationsDbRepository - Entering save with value 0
2021-04-06 09:29:19,485 [3] INFO ReservationsDbRepository - Exiting save with value 0 
2021-04-06 09:29:19,490 [4] INFO Service - Entering FindAllReservations()
2021-04-06 09:29:19,490 [4] INFO ReservationsDbRepository - Entering findAll
2021-04-06 09:29:19,492 [4] INFO ReservationsDbRepository - Exiting findAll
2021-04-06 09:29:20,501 [4] INFO Service - Entering FindAllRides()
2021-04-06 09:29:20,501 [4] INFO RidesDbRepository - Entering findAll
2021-04-06 09:29:20,505 [4] INFO RidesDbRepository - Exiting findAll
2021-04-06 09:29:20,507 [3] INFO RidesDbRepository - Entering save with value 7
2021-04-06 09:29:20,642 [3] INFO RidesDbRepository - Exiting update with value 7
2021-04-06 09:29:21,524 [4] INFO Service - Entering FindAllReservations()
2021-04-06 09:29:21,524 [4] INFO ReservationsDbRepository - Entering findAll
2021-04-06 09:29:21,526 [4] INFO ReservationsDbRepository - Exiting findAll
2021-04-06 09:29:21,648 [3] INFO Service - Entering FindAllReservations()
2021-04-06 09:29:21,649 [3] INFO ReservationsDbRepository - Entering findAll
2021-04-06 09:29:21,651 [3] INFO ReservationsDbRepository - Exiting findAll
2021-04-06 09:29:22,540 [4] INFO Service - Entering FindAllRides()
2021-04-06 09:29:22,541 [4] INFO RidesDbRepository - Entering findAll
2021-04-06 09:29:22,543 [4] INFO RidesDbRepository - Exiting findAll
2021-04-06 09:29:22,667 [3] INFO Service - Entering FindAllRides()
2021-04-06 09:29:22,667 [3] INFO RidesDbRepository - Entering findAll
2021-04-06 09:29:22,670 [3] INFO RidesDbRepository - Exiting findAll
2021-04-06 09:29:23,550 [4] INFO Service - Entering FindAllReservations()
2021-04-06 09:29:23,552 [4] INFO ReservationsDbRepository - Entering findAll
2021-04-06 09:29:23,557 [4] INFO ReservationsDbRepository - Exiting findAll
2021-04-06 09:29:23,676 [3] INFO Service - Entering FindAllReservations()
2021-04-06 09:29:23,676 [3] INFO ReservationsDbRepository - Entering findAll
2021-04-06 09:29:23,678 [3] INFO ReservationsDbRepository - Exiting findAll
2021-04-06 09:29:24,567 [4] INFO Service - Entering FindAllRides()
2021-04-06 09:29:24,568 [4] INFO RidesDbRepository - Entering findAll
2021-04-06 09:29:24,576 [4] INFO RidesDbRepository - Exiting findAll
2021-04-06 09:29:24,692 [3] INFO Service - Entering FindAllRides()
2021-04-06 09:29:24,692 [3] INFO RidesDbRepository - Entering findAll
2021-04-06 09:29:24,694 [3] INFO RidesDbRepository - Exiting findAll
2021-04-06 09:29:25,586 [4] INFO Service - Entering FindAllReservations()
2021-04-06 09:29:25,587 [4] INFO ReservationsDbRepository - Entering findAll
2021-04-06 09:29:25,591 [4] INFO ReservationsDbRepository - Exiting findAll
2021-04-06 09:29:25,710 [3] INFO Service - Entering FindAllReservations()
2021-04-06 09:29:25,711 [3] INFO ReservationsDbRepository - Entering findAll
2021-04-06 09:29:25,714 [3] INFO ReservationsDbRepository - Exiting findAll
2021-04-06 09:29:26,601 [4] INFO Service - Entering FindAllRides()
2021-04-06 09:29:26,601 [4] INFO RidesDbRepository - Entering findAll
2021-04-06 09:29:26,602 [4] INFO RidesDbRepository - Exiting findAll
2021-04-06 09:29:26,726 [3] INFO Service - Entering FindAllRides()
2021-04-06 09:29:26,726 [3] INFO RidesDbRepository - Entering findAll
2021-04-06 09:29:26,727 [3] INFO RidesDbRepository - Exiting findAll
2021-04-06 09:29:27,732 [3] INFO Service - Entering FindAllReservations()
2021-04-06 09:29:27,732 [3] INFO ReservationsDbRepository - Entering findAll
2021-04-06 09:29:27,735 [3] INFO ReservationsDbRepository - Exiting findAll
2021-04-06 09:29:28,750 [3] INFO Service - Entering FindAllRides()
2021-04-06 09:29:28,750 [3] INFO RidesDbRepository - Entering findAll
2021-04-06 09:29:28,755 [3] INFO RidesDbRepository - Exiting findAll
2021-04-06 10:55:07,512 [1] INFO OperatorsDbRepository - Creating OperatorsDbRepository
2021-04-06 10:55:07,687 [1] INFO RidesDbRepository - Creating RidesDbRepository
2021-04-06 10:55:07,688 [1] INFO ReservationsDbRepository - Creating ReservationsDbRepository
2021-04-06 10:55:07,698 [1] INFO Service - Creating the service
2021-04-06 10:55:38,054 [3] INFO OperatorsDbRepository - Entering findIdByUsername with value operator1
2021-04-06 10:55:38,627 [3] INFO OperatorsDbRepository - Exiting findOne with value 1
2021-04-06 10:55:38,630 [3] INFO OperatorsDbRepository - Entering findOne with value 1
2021-04-06 10:55:38,633 [3] INFO OperatorsDbRepository - Exiting findOne with value {1 Andrei Andreica}
2021-04-06 10:55:40,582 [3] INFO Service - Entering FindAllRides()
2021-04-06 10:55:40,583 [3] INFO RidesDbRepository - Entering findAll
2021-04-06 10:55:40,605 [3] INFO RidesDbRepository - Exiting findAll
2021-04-06 10:55:41,621 [3] INFO Service - Entering FindAllReservations()
2021-04-06 10:55:41,622 [3] INFO ReservationsDbRepository - Entering findAll
2021-04-06 10:55:41,624 [3] INFO ReservationsDbRepository - Exiting findAll
2021-04-06 10:55:56,084 [4] INFO OperatorsDbRepository - Entering findIdByUsername with value operator2
2021-04-06 10:55:56,087 [4] INFO OperatorsDbRepository - Exiting findOne with value 5
2021-04-06 10:55:56,092 [4] INFO OperatorsDbRepository - Entering findOne with value 5
2021-04-06 10:55:56,093 [4] INFO OperatorsDbRepository - Exiting findOne with value {5 Bogdan Bogdaneanu}
2021-04-06 10:55:58,629 [4] INFO Service - Entering FindAllRides()
2021-04-06 10:55:58,629 [4] INFO RidesDbRepository - Entering findAll
2021-04-06 10:55:58,634 [4] INFO RidesDbRepository - Exiting findAll
2021-04-06 10:55:59,643 [4] INFO Service - Entering FindAllReservations()
2021-04-06 10:55:59,643 [4] INFO ReservationsDbRepository - Entering findAll
2021-04-06 10:55:59,645 [4] INFO ReservationsDbRepository - Exiting findAll
2021-04-06 10:56:25,998 [4] INFO ReservationsDbRepository - Entering save with value 0
2021-04-06 10:56:26,208 [4] INFO ReservationsDbRepository - Exiting save with value 0 
2021-04-06 10:56:26,213 [3] INFO Service - Entering FindAllReservations()
2021-04-06 10:56:26,214 [3] INFO ReservationsDbRepository - Entering findAll
2021-04-06 10:56:26,216 [3] INFO ReservationsDbRepository - Exiting findAll
2021-04-06 10:56:27,226 [3] INFO Service - Entering FindAllRides()
2021-04-06 10:56:27,226 [3] INFO RidesDbRepository - Entering findAll
2021-04-06 10:56:27,228 [3] INFO RidesDbRepository - Exiting findAll
2021-04-06 10:56:27,229 [4] INFO RidesDbRepository - Entering save with value 4
2021-04-06 10:56:28,257 [4] INFO RidesDbRepository - Exiting update with value 4
2021-04-06 10:56:28,258 [3] INFO Service - Entering FindAllReservations()
2021-04-06 10:56:28,260 [3] INFO ReservationsDbRepository - Entering findAll
2021-04-06 10:56:28,262 [3] INFO ReservationsDbRepository - Exiting findAll
2021-04-06 10:56:29,271 [3] INFO Service - Entering FindAllRides()
2021-04-06 10:56:29,271 [3] INFO RidesDbRepository - Entering findAll
2021-04-06 10:56:29,273 [3] INFO RidesDbRepository - Exiting findAll
2021-04-06 10:56:29,274 [4] INFO Service - Entering FindAllReservations()
2021-04-06 10:56:29,274 [4] INFO ReservationsDbRepository - Entering findAll
2021-04-06 10:56:29,276 [4] INFO ReservationsDbRepository - Exiting findAll
2021-04-06 10:56:30,288 [3] INFO Service - Entering FindAllReservations()
2021-04-06 10:56:30,289 [3] INFO ReservationsDbRepository - Entering findAll
2021-04-06 10:56:30,293 [3] INFO ReservationsDbRepository - Exiting findAll
2021-04-06 10:56:30,293 [4] INFO Service - Entering FindAllRides()
2021-04-06 10:56:30,295 [4] INFO RidesDbRepository - Entering findAll
2021-04-06 10:56:30,298 [4] INFO RidesDbRepository - Exiting findAll
2021-04-06 10:56:31,308 [3] INFO Service - Entering FindAllRides()
2021-04-06 10:56:31,308 [3] INFO RidesDbRepository - Entering findAll
2021-04-06 10:56:31,311 [3] INFO RidesDbRepository - Exiting findAll
2021-04-06 10:56:31,311 [4] INFO Service - Entering FindAllReservations()
2021-04-06 10:56:31,311 [4] INFO ReservationsDbRepository - Entering findAll
2021-04-06 10:56:31,313 [4] INFO ReservationsDbRepository - Exiting findAll
2021-04-06 10:56:32,325 [4] INFO Service - Entering FindAllRides()
2021-04-06 10:56:32,325 [4] INFO RidesDbRepository - Entering findAll
2021-04-06 10:56:32,328 [4] INFO RidesDbRepository - Exiting findAll
2021-04-06 10:56:32,328 [3] INFO Service - Entering FindAllReservations()
2021-04-06 10:56:32,329 [3] INFO ReservationsDbRepository - Entering findAll
2021-04-06 10:56:32,330 [3] INFO ReservationsDbRepository - Exiting findAll
2021-04-06 10:56:33,337 [3] INFO Service - Entering FindAllRides()
2021-04-06 10:56:33,337 [3] INFO RidesDbRepository - Entering findAll
2021-04-06 10:56:33,342 [3] INFO RidesDbRepository - Exiting findAll
2021-04-06 10:56:33,343 [4] INFO Service - Entering FindAllReservations()
2021-04-06 10:56:33,345 [4] INFO ReservationsDbRepository - Entering findAll
2021-04-06 10:56:33,347 [4] INFO ReservationsDbRepository - Exiting findAll
2021-04-06 10:56:34,364 [4] INFO Service - Entering FindAllRides()
2021-04-06 10:56:34,537 [4] INFO RidesDbRepository - Entering findAll
2021-04-06 10:56:34,538 [4] INFO RidesDbRepository - Exiting findAll
2021-04-06 10:56:35,545 [4] INFO Service - Entering FindAllReservations()
2021-04-06 10:56:35,545 [4] INFO ReservationsDbRepository - Entering findAll
2021-04-06 10:56:35,547 [4] INFO ReservationsDbRepository - Exiting findAll
2021-04-06 10:56:36,559 [4] INFO Service - Entering FindAllRides()
2021-04-06 10:56:36,559 [4] INFO RidesDbRepository - Entering findAll
2021-04-06 10:56:36,563 [4] INFO RidesDbRepository - Exiting findAll
2021-04-06 10:56:49,020 [3] INFO ReservationsDbRepository - Entering save with value 0
2021-04-06 10:56:50,085 [3] INFO ReservationsDbRepository - Exiting save with value 0 
2021-04-06 10:56:50,088 [4] INFO Service - Entering FindAllReservations()
2021-04-06 10:56:50,090 [4] INFO ReservationsDbRepository - Entering findAll
2021-04-06 10:56:50,092 [4] INFO ReservationsDbRepository - Exiting findAll
2021-04-06 10:56:51,106 [4] INFO Service - Entering FindAllRides()
2021-04-06 10:56:51,106 [4] INFO RidesDbRepository - Entering findAll
2021-04-06 10:56:51,109 [4] INFO RidesDbRepository - Exiting findAll
2021-04-06 10:56:51,109 [3] INFO RidesDbRepository - Entering save with value 3
2021-04-06 10:56:51,866 [3] INFO RidesDbRepository - Exiting update with value 3
2021-04-06 10:56:52,124 [4] INFO Service - Entering FindAllReservations()
2021-04-06 10:56:52,124 [4] INFO ReservationsDbRepository - Entering findAll
2021-04-06 10:56:52,126 [4] INFO ReservationsDbRepository - Exiting findAll
2021-04-06 10:56:52,880 [3] INFO Service - Entering FindAllReservations()
2021-04-06 10:56:52,880 [3] INFO ReservationsDbRepository - Entering findAll
2021-04-06 10:56:52,882 [3] INFO ReservationsDbRepository - Exiting findAll
2021-04-06 10:56:53,145 [4] INFO Service - Entering FindAllRides()
2021-04-06 10:56:53,145 [4] INFO RidesDbRepository - Entering findAll
2021-04-06 10:56:53,147 [4] INFO RidesDbRepository - Exiting findAll
2021-04-06 10:56:53,898 [3] INFO Service - Entering FindAllRides()
2021-04-06 10:56:53,898 [3] INFO RidesDbRepository - Entering findAll
2021-04-06 10:56:53,899 [3] INFO RidesDbRepository - Exiting findAll
2021-04-06 10:56:54,163 [4] INFO Service - Entering FindAllReservations()
2021-04-06 10:56:54,163 [4] INFO ReservationsDbRepository - Entering findAll
2021-04-06 10:56:54,166 [4] INFO ReservationsDbRepository - Exiting findAll
2021-04-06 10:56:54,913 [3] INFO Service - Entering FindAllReservations()
2021-04-06 10:56:54,913 [3] INFO ReservationsDbRepository - Entering findAll
2021-04-06 10:56:54,914 [3] INFO ReservationsDbRepository - Exiting findAll
2021-04-06 10:56:55,180 [4] INFO Service - Entering FindAllRides()
2021-04-06 10:56:55,180 [4] INFO RidesDbRepository - Entering findAll
2021-04-06 10:56:55,182 [4] INFO RidesDbRepository - Exiting findAll
2021-04-06 10:56:55,929 [3] INFO Service - Entering FindAllRides()
2021-04-06 10:56:55,929 [3] INFO RidesDbRepository - Entering findAll
2021-04-06 10:56:55,932 [3] INFO RidesDbRepository - Exiting findAll
2021-04-06 10:56:56,195 [4] INFO Service - Entering FindAllReservations()
2021-04-06 10:56:56,195 [4] INFO ReservationsDbRepository - Entering findAll
2021-04-06 10:56:56,197 [4] INFO ReservationsDbRepository - Exiting findAll
2021-04-06 10:56:56,943 [3] INFO Service - Entering FindAllReservations()
2021-04-06 10:56:56,943 [3] INFO ReservationsDbRepository - Entering findAll
2021-04-06 10:56:56,945 [3] INFO ReservationsDbRepository - Exiting findAll
2021-04-06 10:56:57,206 [4] INFO Service - Entering FindAllRides()
2021-04-06 10:56:57,206 [4] INFO RidesDbRepository - Entering findAll
2021-04-06 10:56:57,208 [4] INFO RidesDbRepository - Exiting findAll
2021-04-06 10:56:57,949 [3] INFO Service - Entering FindAllRides()
2021-04-06 10:56:57,949 [3] INFO RidesDbRepository - Entering findAll
2021-04-06 10:56:57,951 [3] INFO RidesDbRepository - Exiting findAll
2021-04-06 10:56:58,960 [3] INFO Service - Entering FindAllReservations()
2021-04-06 10:56:58,960 [3] INFO ReservationsDbRepository - Entering findAll
2021-04-06 10:56:58,962 [3] INFO ReservationsDbRepository - Exiting findAll
2021-04-06 10:56:59,972 [3] INFO Service - Entering FindAllRides()
2021-04-06 10:56:59,972 [3] INFO RidesDbRepository - Entering findAll
2021-04-06 10:56:59,974 [3] INFO RidesDbRepository - Exiting findAll
2021-04-19 13:40:58,417 [1] INFO OperatorsDbRepository - Creating OperatorsDbRepository
2021-04-19 13:40:58,526 [1] INFO RidesDbRepository - Creating RidesDbRepository
2021-04-19 13:40:58,527 [1] INFO ReservationsDbRepository - Creating ReservationsDbRepository
2021-04-19 13:40:58,535 [1] INFO Service - Creating the service
